<?xml version="1.0" encoding="UTF-8"?>
<!-- Generated by org.testng.reporters.JUnitReportReporter -->
<testsuite hostname="rameshs-MacBook-Pro.local" name="LoginTest" tests="2" failures="0" timestamp="30 Jan 2016 19:46:39 GMT" time="0.003" errors="0">
  <testcase name="testLogin" time="0.001" classname="LoginTest"/>
  <testcase name="testRegister" time="0.002" classname="LoginTest"/>
</testsuite> <!-- LoginTest -->
