<?xml version="1.0" encoding="UTF-8"?>
<!-- Generated by org.testng.reporters.JUnitReportReporter -->
<testsuite hostname="rameshs-MacBook-Pro.local" name="com.catalog.tests.LoginTests" tests="1" failures="0" timestamp="28 Jan 2016 05:14:25 GMT" time="6.160" errors="0">
  <testcase name="Login01" time="6.160" classname="com.catalog.tests.LoginTests"/>
</testsuite> <!-- com.catalog.tests.LoginTests -->
