<?xml version="1.0" encoding="UTF-8"?>
<!-- Generated by org.testng.reporters.JUnitReportReporter -->
<testsuite hostname="rameshs-MacBook-Pro.local" name="tests.LoginTestInstance" tests="2" failures="0" timestamp="26 Jan 2016 03:51:30 GMT" time="10.784" errors="0">
  <testcase name="Login02" time="4.796" classname="tests.LoginTestInstance"/>
  <testcase name="Login01" time="5.988" classname="tests.LoginTestInstance"/>
</testsuite> <!-- tests.LoginTestInstance -->
