<?xml version="1.0" encoding="UTF-8"?>
<!-- Generated by org.testng.reporters.JUnitReportReporter -->
<testsuite hostname="rameshs-MacBook-Pro.local" name="MyFirstNotRecordedTestNG" tests="2" failures="0" timestamp="30 Jan 2016 19:46:39 GMT" time="53.468" errors="0">
  <testcase name="Login01" time="27.857" classname="MyFirstNotRecordedTestNG"/>
  <testcase name="Login02" time="25.611" classname="MyFirstNotRecordedTestNG"/>
</testsuite> <!-- MyFirstNotRecordedTestNG -->
