<?xml version="1.0" encoding="UTF-8"?>
<!-- Generated by org.testng.reporters.JUnitReportReporter -->
<testsuite hostname="rameshs-MacBook-Pro.local" name="MyFirstPageFactory" tests="1" failures="0" timestamp="30 Jan 2016 18:26:54 GMT" time="4.747" errors="0">
  <testcase name="Login01" time="4.747" classname="MyFirstPageFactory"/>
</testsuite> <!-- MyFirstPageFactory -->
