<?xml version="1.0" encoding="UTF-8"?>
<!-- Generated by org.testng.reporters.JUnitReportReporter -->
<testsuite hostname="rameshs-MacBook-Pro.local" name="MyFirstPageFactoryGrid" tests="1" failures="0" timestamp="2 Feb 2016 03:46:14 GMT" time="6.884" errors="0">
  <testcase name="Login01" time="6.884" classname="MyFirstPageFactoryGrid"/>
</testsuite> <!-- MyFirstPageFactoryGrid -->
