<?xml version="1.0" encoding="UTF-8"?>
<!-- Generated by org.testng.reporters.JUnitReportReporter -->
<testsuite hostname="rameshs-MacBook-Pro.local" name="tests.LoginTest" tests="2" failures="0" timestamp="26 Jan 2016 03:48:38 GMT" time="11.586" errors="0">
  <testcase name="Login01" time="6.476" classname="tests.LoginTest"/>
  <testcase name="Login02" time="5.110" classname="tests.LoginTest"/>
</testsuite> <!-- tests.LoginTest -->
